<?xml version="1.0" encoding="UTF-8"?>
<testng-results ignored="0" total="7" passed="7" failed="0" skipped="0">
  <reporter-output>
  </reporter-output>
  <suite started-at="2023-09-27T09:46:08 IST" name="API" finished-at="2023-09-27T09:46:17 IST" duration-ms="9067">
    <groups>
    </groups>
    <test started-at="2023-09-27T09:46:08 IST" name="APIPracticeTest" finished-at="2023-09-27T09:46:17 IST" duration-ms="9067">
      <class name="REQUESTandRESPONSEMETHODS.CreateResource">
        <test-method signature="input()[pri:0, instance:REQUESTandRESPONSEMETHODS.CreateResource@55182842]" started-at="2023-09-27T09:46:15 IST" name="input" finished-at="2023-09-27T09:46:16 IST" duration-ms="1032" status="PASS">
          <reporter-output>
          </reporter-output>
        </test-method> <!-- input -->
      </class> <!-- REQUESTandRESPONSEMETHODS.CreateResource -->
      <class name="REQUESTandRESPONSEMETHODS.GetResponse">
        <test-method signature="GetBooksDetails()[pri:0, instance:REQUESTandRESPONSEMETHODS.GetResponse@235834f2]" started-at="2023-09-27T09:46:17 IST" name="GetBooksDetails" finished-at="2023-09-27T09:46:17 IST" duration-ms="476" status="PASS">
          <reporter-output>
          </reporter-output>
        </test-method> <!-- GetBooksDetails -->
      </class> <!-- REQUESTandRESPONSEMETHODS.GetResponse -->
      <class name="APITestSuite.APIPractice">
        <test-method is-config="true" signature="setup()[pri:0, instance:APITestSuite.APIPractice@4d5d943d]" started-at="2023-09-27T09:46:08 IST" name="setup" finished-at="2023-09-27T09:46:09 IST" duration-ms="858" status="PASS">
          <reporter-output>
          </reporter-output>
        </test-method> <!-- setup -->
        <test-method signature="createResource()[pri:0, instance:APITestSuite.APIPractice@4d5d943d]" started-at="2023-09-27T09:46:09 IST" name="createResource" finished-at="2023-09-27T09:46:13 IST" duration-ms="4092" status="PASS">
          <reporter-output>
          </reporter-output>
        </test-method> <!-- createResource -->
        <test-method signature="getResource()[pri:0, instance:APITestSuite.APIPractice@4d5d943d]" started-at="2023-09-27T09:46:13 IST" name="getResource" finished-at="2023-09-27T09:46:14 IST" duration-ms="589" status="PASS">
          <reporter-output>
          </reporter-output>
        </test-method> <!-- getResource -->
        <test-method signature="updateResource()[pri:0, instance:APITestSuite.APIPractice@4d5d943d]" started-at="2023-09-27T09:46:14 IST" name="updateResource" finished-at="2023-09-27T09:46:14 IST" duration-ms="598" status="PASS">
          <reporter-output>
          </reporter-output>
        </test-method> <!-- updateResource -->
      </class> <!-- APITestSuite.APIPractice -->
      <class name="REQUESTandRESPONSEMETHODS.GetMehod2">
        <test-method signature="messageBody()[pri:0, instance:REQUESTandRESPONSEMETHODS.GetMehod2@3270d194]" started-at="2023-09-27T09:46:16 IST" name="messageBody" finished-at="2023-09-27T09:46:17 IST" duration-ms="570" status="PASS">
          <reporter-output>
          </reporter-output>
        </test-method> <!-- messageBody -->
      </class> <!-- REQUESTandRESPONSEMETHODS.GetMehod2 -->
      <class name="DataDrivenTesting.APITest">
        <test-method signature="postRequest()[pri:0, instance:DataDrivenTesting.APITest@55141def]" started-at="2023-09-27T09:46:14 IST" name="postRequest" finished-at="2023-09-27T09:46:15 IST" duration-ms="734" status="PASS">
          <reporter-output>
          </reporter-output>
        </test-method> <!-- postRequest -->
      </class> <!-- DataDrivenTesting.APITest -->
    </test> <!-- APIPracticeTest -->
  </suite> <!-- API -->
</testng-results>
