<?xml version="1.0" encoding="UTF-8"?>
<!-- Generated by org.testng.reporters.JUnitXMLReporter -->
<testsuite ignored="0" hostname="jeevani-PC" failures="0" tests="7" name="APIPracticeTest" time="9.067" errors="0" timestamp="2023-09-27T09:46:17 IST">
  <testcase classname="APITestSuite.APIPractice" name="createResource" time="4.092"/>
  <testcase classname="APITestSuite.APIPractice" name="getResource" time="0.589"/>
  <testcase classname="APITestSuite.APIPractice" name="updateResource" time="0.598"/>
  <testcase classname="DataDrivenTesting.APITest" name="postRequest" time="0.734"/>
  <testcase classname="REQUESTandRESPONSEMETHODS.CreateResource" name="input" time="1.032"/>
  <testcase classname="REQUESTandRESPONSEMETHODS.GetMehod2" name="messageBody" time="0.57"/>
  <testcase classname="REQUESTandRESPONSEMETHODS.GetResponse" name="GetBooksDetails" time="0.476"/>
</testsuite> <!-- APIPracticeTest -->
