<?xml version="1.0" encoding="UTF-8"?>
<!-- Generated by org.testng.reporters.JUnitXMLReporter -->
<testsuite ignored="0" hostname="jeevani-PC" failures="0" tests="3" name="Default test" time="5.853" errors="0" timestamp="2023-09-27T09:00:43 IST">
  <testcase classname="APITestSuite.APIPractice" name="createResource" time="4.014"/>
  <testcase classname="APITestSuite.APIPractice" name="getResource" time="0.367"/>
  <testcase classname="APITestSuite.APIPractice" name="updateResource" time="0.499"/>
</testsuite> <!-- Default test -->
